2021-Nov-12 10:16:02,019 [main] TestListener.class 
  INFO  Test is failed . taking screenshot
2021-Nov-12 10:16:04,870 [main] TestListener.class 
  INFO  Screenshot is saved successfully
2021-Nov-12 10:16:17,656 [main] TestListener.class 
  INFO  Test is failed . taking screenshot
2021-Nov-12 10:16:20,009 [main] TestListener.class 
  INFO  Screenshot is saved successfully
2021-Nov-12 10:16:24,890 [main] com.testingshastrasignuptests.SignUpPageTests 
  INFO  launched urlhttps://www.ijmeet.com
2021-Nov-12 10:16:30,150 [main] com.testingshastrasignuptests.SignUpPageTests 
  INFO  clicked on signup
2021-Nov-12 10:16:30,851 [main] com.testingshastrasignuptests.SignUpPageTests 
  INFO  filled all the fields
2021-Nov-12 10:16:30,899 [main] com.testingshastrasignuptests.SignUpPageTests 
  INFO  switched to frame 0
2021-Nov-12 10:16:31,226 [main] com.testingshastrasignuptests.SignUpPageTests 
  INFO  switched back from frame
2021-Nov-12 10:16:32,736 [main] com.testingshastrasignuptests.SignUpPageTests 
  INFO  clicked on submit buttin
